<?xml version="1.0" encoding="UTF-8"?>
<beans xmlns="http://www.springframework.org/schema/beans"
       xmlns:xsi="http://www.w3.org/2001/XMLSchema-instance"
       xmlns:context="http://www.springframework.org/schema/context"
       xmlns:jdbc="http://www.springframework.org/schema/jdbc"
       xsi:schemaLocation="http://www.springframework.org/schema/beans
    http://www.springframework.org/schema/beans/spring-beans.xsd
    http://www.springframework.org/schema/context
    http://www.springframework.org/schema/context/spring-context.xsd
    http://www.springframework.org/schema/jdbc
    http://www.springframework.org/schema/jdbc/spring-jdbc.xsd">

    <context:property-placeholder location="classpath:app.properties" />

    <jdbc:embedded-database id="dataSource" type="HSQL"/>

    <bean id="liquibase" class="liquibase.integration.spring.SpringLiquibase">
        <property name="dataSource" ref="dataSource"/>
        <property name="changeLog" value="classpath:databaseChangeLog.xml"/>
    </bean>

    <context:component-scan base-package="com.khrushch.movieland">
        <context:exclude-filter type="regex" expression="com\.khrushch\.movieland\.rest\..*"/>
        <context:exclude-filter type="regex" expression="com\.khrushch\.movieland\.dao\.config\.DaoConfig"/>
    </context:component-scan>

    <bean id="jdbcTemplate" class="org.springframework.jdbc.core.JdbcTemplate">
        <property name="dataSource" ref="dataSource"/>
    </bean>

</beans>